<?xml version="1.0" encoding="UTF-8" standalone="no"?>
<!DOCTYPE log SYSTEM "logger.dtd">
<log>
<record>
  <date>2024-07-24T09:48:28.742-0300</date>
  <logger>PEDRO HENRIQUE MALAQUIAS DA SILVA</logger>
  <level>FINE</level>
  <message>File 123110443-PEDRO HENRIQUE MALAQUIAS DA SILVA.zip was received. It was sent by PEDRO HENRIQUE MALAQUIAS DA SILVA from IP 150.165.74.128 at 24-07-2024 09*48*28</message>
</record>
</log>
<?xml version="1.0" encoding="UTF-8" standalone="no"?>
<!DOCTYPE log SYSTEM "logger.dtd">
<log>
<record>
  <date>2024-07-28T15:59:05.496-0300</date>
  <logger>PEDRO HENRIQUE MALAQUIAS DA SILVA</logger>
  <level>FINE</level>
  <message>File 123110443-PEDRO HENRIQUE MALAQUIAS DA SILVA.zip was received. It was sent by PEDRO HENRIQUE MALAQUIAS DA SILVA from IP 26.216.168.241 at 28-07-2024 15*59*05</message>
</record>
</log>
<?xml version="1.0" encoding="UTF-8" standalone="no"?>
<!DOCTYPE log SYSTEM "logger.dtd">
<log>
<record>
  <date>2024-08-02T15:11:36.799-0300</date>
  <logger>PEDRO HENRIQUE MALAQUIAS DA SILVA</logger>
  <level>FINE</level>
  <message>File 123110443-PEDRO HENRIQUE MALAQUIAS DA SILVA.zip was received. It was sent by PEDRO HENRIQUE MALAQUIAS DA SILVA from IP 26.216.168.241 at 02-08-2024 15*11*36</message>
</record>
